<?xml version="1.0" encoding="UTF-8"?>
<testng-results ignored="0" total="1" passed="1" failed="0" skipped="0">
  <reporter-output>
  </reporter-output>
  <suite started-at="2021-07-13T16:24:16 IST" name="Default suite" finished-at="2021-07-13T16:24:20 IST" duration-ms="3574">
    <groups>
    </groups>
    <test started-at="2021-07-13T16:24:16 IST" name="Default test" finished-at="2021-07-13T16:24:20 IST" duration-ms="3574">
      <class name="dataDriven.DBConTest">
        <test-method signature="tc3()[pri:0, instance:dataDriven.DBConTest@a3d8174]" started-at="2021-07-13T16:24:16 IST" name="tc3" finished-at="2021-07-13T16:24:20 IST" duration-ms="3534" status="PASS">
          <reporter-output>
          </reporter-output>
        </test-method> <!-- tc3 -->
      </class> <!-- dataDriven.DBConTest -->
    </test> <!-- Default test -->
  </suite> <!-- Default suite -->
</testng-results>
